DEBUG:root:  Unidentified Word:  soem
DEBUG:root:  Unidentified Word:  midn
DEBUG:root:  Unidentified Word:  preciesly
DEBUG:root:  Unidentified Word:  prat
DEBUG:root:  Unidentified Word:  teh
DEBUG:root:  Unidentified Word:  teh
DEBUG:root:  Unidentified Word:  circulatino
DEBUG:root:  Unidentified Word:  groiwng
DEBUG:root:  Unidentified Word:  dapm
DEBUG:root:  Unidentified Word:  novembre
DEBUG:root:  Unidentified Word:  suol
DEBUG:root:  Unidentified Word:  whenevre
DEBUG:root:  Unidentified Word:  msyelf
DEBUG:root:  Unidentified Word:  bfeore
DEBUG:root:  Unidentified Word:  coffni
DEBUG:root:  Unidentified Word:  wareohuses
DEBUG:root:  Unidentified Word:  adn
DEBUG:root:  Unidentified Word:  teh
DEBUG:root:  Unidentified Word:  espceially
DEBUG:root:  Unidentified Word:  wheenver
DEBUG:root:  Unidentified Word:  hpyos
DEBUG:root:  Unidentified Word:  rqeuires
DEBUG:root:  Unidentified Word:  frmo
DEBUG:root:  Unidentified Word:  thne
DEBUG:root:  Unidentified Word:  accoutn
DEBUG:root:  Unidentified Word:  tmie
DEBUG:root:  Unidentified Word:  tihs
DEBUG:root:  Unidentified Word:  psitol
DEBUG:root:  Unidentified Word:  caot
DEBUG:root:  Unidentified Word:  swodr
DEBUG:root:  Unidentified Word:  tihs
DEBUG:root:  Unidentified Word:  theri
DEBUG:root:  Unidentified Word:  dergee
DEBUG:root:  Unidentified Word:  tiem
DEBUG:root:  Unidentified Word:  ohter
DEBUG:root:  Unidentified Word:  cehrish
DEBUG:root:  Unidentified Word:  veyr
DEBUG:root:  Unidentified Word:  nearyl
DEBUG:root:  Unidentified Word:  saem
DEBUG:root:  Unidentified Word:  feelnigs
DEBUG:root:  Unidentified Word:  toawrds
